<?xml version="1.0" encoding="UTF-8"?>
<!-- Generated by org.testng.reporters.JUnitReportReporter -->
<testsuite hostname="dnid0007l01.local" failures="0" tests="10" name="com.employeeapi.testcases.TC_004_Update_User" time="5.045" errors="0" timestamp="2020-04-29T21:36:39 WIB" skipped="0">
  <testcase classname="com.employeeapi.testcases.TC_004_Update_User" name="requestPut" time="0.525"/>
  <system-out/>
  <testcase classname="com.employeeapi.testcases.TC_004_Update_User" name="requestPut" time="0.557"/>
  <system-out/>
  <testcase classname="com.employeeapi.testcases.TC_004_Update_User" name="requestPut" time="0.460"/>
  <system-out/>
  <testcase classname="com.employeeapi.testcases.TC_004_Update_User" name="requestPut" time="0.573"/>
  <system-out/>
  <testcase classname="com.employeeapi.testcases.TC_004_Update_User" name="requestPut" time="0.534"/>
  <system-out/>
  <testcase classname="com.employeeapi.testcases.TC_004_Update_User" name="requestPut" time="0.797"/>
  <system-out/>
  <testcase classname="com.employeeapi.testcases.TC_004_Update_User" name="login" time="0.000"/>
  <system-out/>
  <testcase classname="com.employeeapi.testcases.TC_004_Update_User" name="requestPut" time="0.560"/>
  <system-out/>
  <testcase classname="com.employeeapi.testcases.TC_004_Update_User" name="requestPut" time="0.485"/>
  <system-out/>
  <testcase classname="com.employeeapi.testcases.TC_004_Update_User" name="requestPut" time="0.554"/>
  <system-out/>
</testsuite> <!-- com.employeeapi.testcases.TC_004_Update_User -->
