<?xml version="1.0" encoding="UTF-8"?>
<!-- Generated by org.testng.reporters.JUnitReportReporter -->
<testsuite hostname="dnid0007l01.local" failures="0" tests="37" name="com.commentapi.testcases.TS_001_Signup" time="0.019" errors="0" timestamp="2020-05-14T10:17:03 WIB" skipped="0">
  <testcase classname="com.commentapi.testcases.TS_001_Signup" name="signupTest" time="0.001"/>
  <system-out/>
  <testcase classname="com.commentapi.testcases.TS_001_Signup" name="signupTest" time="0.000"/>
  <system-out/>
  <testcase classname="com.commentapi.testcases.TS_001_Signup" name="signupTest" time="0.000"/>
  <system-out/>
  <testcase classname="com.commentapi.testcases.TS_001_Signup" name="signupTest" time="0.000"/>
  <system-out/>
  <testcase classname="com.commentapi.testcases.TS_001_Signup" name="signupTest" time="0.001"/>
  <system-out/>
  <testcase classname="com.commentapi.testcases.TS_001_Signup" name="signupTest" time="0.001"/>
  <system-out/>
  <testcase classname="com.commentapi.testcases.TS_001_Signup" name="signupTest" time="0.000"/>
  <system-out/>
  <testcase classname="com.commentapi.testcases.TS_001_Signup" name="signupTest" time="0.001"/>
  <system-out/>
  <testcase classname="com.commentapi.testcases.TS_001_Signup" name="signupTest" time="0.001"/>
  <system-out/>
  <testcase classname="com.commentapi.testcases.TS_001_Signup" name="signupTest" time="0.001"/>
  <system-out/>
  <testcase classname="com.commentapi.testcases.TS_001_Signup" name="signupTest" time="0.000"/>
  <system-out/>
  <testcase classname="com.commentapi.testcases.TS_001_Signup" name="signupTest" time="0.001"/>
  <system-out/>
  <testcase classname="com.commentapi.testcases.TS_001_Signup" name="signupTest" time="0.000"/>
  <system-out/>
  <testcase classname="com.commentapi.testcases.TS_001_Signup" name="signupTest" time="0.001"/>
  <system-out/>
  <testcase classname="com.commentapi.testcases.TS_001_Signup" name="signupTest" time="0.001"/>
  <system-out/>
  <testcase classname="com.commentapi.testcases.TS_001_Signup" name="signupTest" time="0.001"/>
  <system-out/>
  <testcase classname="com.commentapi.testcases.TS_001_Signup" name="signupTest" time="0.001"/>
  <system-out/>
  <testcase classname="com.commentapi.testcases.TS_001_Signup" name="signupTest" time="0.000"/>
  <system-out/>
  <testcase classname="com.commentapi.testcases.TS_001_Signup" name="signupTest" time="0.001"/>
  <system-out/>
  <testcase classname="com.commentapi.testcases.TS_001_Signup" name="signupTest" time="0.001"/>
  <system-out/>
  <testcase classname="com.commentapi.testcases.TS_001_Signup" name="signupTest" time="0.000"/>
  <system-out/>
  <testcase classname="com.commentapi.testcases.TS_001_Signup" name="signupTest" time="0.000"/>
  <system-out/>
  <testcase classname="com.commentapi.testcases.TS_001_Signup" name="signupTest" time="0.000"/>
  <system-out/>
  <testcase classname="com.commentapi.testcases.TS_001_Signup" name="signupTest" time="0.001"/>
  <system-out/>
  <testcase classname="com.commentapi.testcases.TS_001_Signup" name="signupTest" time="0.000"/>
  <system-out/>
  <testcase classname="com.commentapi.testcases.TS_001_Signup" name="signupTest" time="0.000"/>
  <system-out/>
  <testcase classname="com.commentapi.testcases.TS_001_Signup" name="signupTest" time="0.000"/>
  <system-out/>
  <testcase classname="com.commentapi.testcases.TS_001_Signup" name="signupTest" time="0.000"/>
  <system-out/>
  <testcase classname="com.commentapi.testcases.TS_001_Signup" name="signupTest" time="0.000"/>
  <system-out/>
  <testcase classname="com.commentapi.testcases.TS_001_Signup" name="signupTest" time="0.000"/>
  <system-out/>
  <testcase classname="com.commentapi.testcases.TS_001_Signup" name="signupTest" time="0.000"/>
  <system-out/>
  <testcase classname="com.commentapi.testcases.TS_001_Signup" name="signupTest" time="0.000"/>
  <system-out/>
  <testcase classname="com.commentapi.testcases.TS_001_Signup" name="signupTest" time="0.004"/>
  <system-out/>
  <testcase classname="com.commentapi.testcases.TS_001_Signup" name="signupTest" time="0.001"/>
  <system-out/>
  <testcase classname="com.commentapi.testcases.TS_001_Signup" name="signupTest" time="0.000"/>
  <system-out/>
  <testcase classname="com.commentapi.testcases.TS_001_Signup" name="signupTest" time="0.000"/>
  <system-out/>
  <testcase classname="com.commentapi.testcases.TS_001_Signup" name="signupTest" time="0.000"/>
  <system-out/>
</testsuite> <!-- com.commentapi.testcases.TS_001_Signup -->
