<?xml version="1.0" encoding="UTF-8"?>
<!-- Generated by org.testng.reporters.JUnitReportReporter -->
<testsuite hostname="dnid0007l01.local" failures="0" tests="1" name="API.ValidateAllJSON" time="3.094" errors="0" timestamp="2020-04-28T11:21:55 WIB" skipped="0">
  <testcase classname="API.ValidateAllJSON" name="validateAllJSON" time="3.094"/>
  <system-out/>
</testsuite> <!-- API.ValidateAllJSON -->
