<?xml version="1.0" encoding="UTF-8"?>
<!-- Generated by org.testng.reporters.JUnitReportReporter -->
<testsuite hostname="dnid0007l01.local" failures="0" tests="9" name="API.postRequest" time="3.131" errors="0" timestamp="2020-04-28T22:43:35 WIB" skipped="0">
  <testcase classname="API.postRequest" name="requestPost" time="0.274"/>
  <system-out/>
  <testcase classname="API.postRequest" name="requestPost" time="1.200"/>
  <system-out/>
  <testcase classname="API.postRequest" name="requestPost" time="0.303"/>
  <system-out/>
  <testcase classname="API.postRequest" name="requestPost" time="0.274"/>
  <system-out/>
  <testcase classname="API.postRequest" name="requestPost" time="0.273"/>
  <system-out/>
  <testcase classname="API.postRequest" name="requestPost" time="0.280"/>
  <system-out/>
  <testcase classname="API.postRequest" name="requestPost" time="0.267"/>
  <system-out/>
  <testcase classname="API.postRequest" name="login" time="0.003"/>
  <system-out/>
  <testcase classname="API.postRequest" name="requestPost" time="0.257"/>
  <system-out/>
</testsuite> <!-- API.postRequest -->
