<?xml version="1.0" encoding="UTF-8"?>
<!-- Generated by org.testng.reporters.JUnitReportReporter -->
<testsuite hostname="dnid0007l01.local" failures="0" tests="1" name="API.getAllHeader" time="2.835" errors="0" timestamp="2020-04-28T10:48:27 WIB" skipped="0">
  <testcase classname="API.getAllHeader" name="requestAllHeader" time="2.835"/>
  <system-out/>
</testsuite> <!-- API.getAllHeader -->
