<?xml version="1.0" encoding="UTF-8"?>
<!-- Generated by org.testng.reporters.JUnitReportReporter -->
<testsuite hostname="dnid0007l01.local" failures="0" tests="2" name="com.employeeapi.testcases.TC_001_Get_All_Users" time="1.585" errors="0" timestamp="2020-04-29T21:36:39 WIB" skipped="0">
  <testcase classname="com.employeeapi.testcases.TC_001_Get_All_Users" name="requestGetAll" time="1.581"/>
  <system-out/>
  <testcase classname="com.employeeapi.testcases.TC_001_Get_All_Users" name="login" time="0.004"/>
  <system-out/>
</testsuite> <!-- com.employeeapi.testcases.TC_001_Get_All_Users -->
