<?xml version="1.0" encoding="UTF-8"?>
<!-- Generated by org.testng.reporters.JUnitReportReporter -->
<testsuite hostname="dnid0007l01.local" failures="0" tests="1" name="com.commentapi.testcases.TC_002_Get_All_Comment" time="2.246" errors="0" timestamp="2020-04-30T15:10:44 WIB" skipped="0">
  <testcase classname="com.commentapi.testcases.TC_002_Get_All_Comment" name="getAllComment" time="2.246"/>
  <system-out/>
</testsuite> <!-- com.commentapi.testcases.TC_002_Get_All_Comment -->
