<?xml version="1.0" encoding="UTF-8"?>
<!-- Generated by org.testng.reporters.JUnitReportReporter -->
<testsuite hostname="dnid0007l01.local" failures="0" tests="26" name="com.api.testcases.TS_005_GetUnpaidBill" time="61.887" errors="0" timestamp="19 May 2020 04:45:52 GMT" skipped="0">
  <testcase classname="com.api.testcases.TS_005_GetUnpaidBill" name="getUnpaidBillTest" time="2.354"/>
  <testcase classname="com.api.testcases.TS_005_GetUnpaidBill" name="getUnpaidBillTest" time="2.661"/>
  <testcase classname="com.api.testcases.TS_005_GetUnpaidBill" name="createBillData" time="3.177"/>
  <testcase classname="com.api.testcases.TS_005_GetUnpaidBill" name="createBillData" time="2.353"/>
  <testcase classname="com.api.testcases.TS_005_GetUnpaidBill" name="createBillData" time="3.274"/>
  <testcase classname="com.api.testcases.TS_005_GetUnpaidBill" name="getUnpaidBillTest" time="2.457"/>
  <testcase classname="com.api.testcases.TS_005_GetUnpaidBill" name="createBillData" time="1.919"/>
  <testcase classname="com.api.testcases.TS_005_GetUnpaidBill" name="getUnpaidBillTest" time="2.024"/>
  <testcase classname="com.api.testcases.TS_005_GetUnpaidBill" name="createBillData" time="1.954"/>
  <testcase classname="com.api.testcases.TS_005_GetUnpaidBill" name="getUnpaidBillTest" time="2.662"/>
  <testcase classname="com.api.testcases.TS_005_GetUnpaidBill" name="getUnpaidBillTest" time="1.722"/>
  <testcase classname="com.api.testcases.TS_005_GetUnpaidBill" name="createBillData" time="2.187"/>
  <testcase classname="com.api.testcases.TS_005_GetUnpaidBill" name="getUnpaidBillTest" time="2.558"/>
  <testcase classname="com.api.testcases.TS_005_GetUnpaidBill" name="getUnpaidBillTest" time="2.252"/>
  <testcase classname="com.api.testcases.TS_005_GetUnpaidBill" name="getUnpaidBillTest" time="2.427"/>
  <testcase classname="com.api.testcases.TS_005_GetUnpaidBill" name="createBillData" time="2.647"/>
  <testcase classname="com.api.testcases.TS_005_GetUnpaidBill" name="getUnpaidBillTest" time="2.772"/>
  <testcase classname="com.api.testcases.TS_005_GetUnpaidBill" name="getUnpaidBillTest" time="1.967"/>
  <testcase classname="com.api.testcases.TS_005_GetUnpaidBill" name="createBillData" time="2.327"/>
  <testcase classname="com.api.testcases.TS_005_GetUnpaidBill" name="createBillData" time="2.252"/>
  <testcase classname="com.api.testcases.TS_005_GetUnpaidBill" name="getUnpaidBillTest" time="1.995"/>
  <testcase classname="com.api.testcases.TS_005_GetUnpaidBill" name="createBillData" time="1.840"/>
  <testcase classname="com.api.testcases.TS_005_GetUnpaidBill" name="createBillData" time="2.714"/>
  <testcase classname="com.api.testcases.TS_005_GetUnpaidBill" name="createBillData" time="2.613"/>
  <testcase classname="com.api.testcases.TS_005_GetUnpaidBill" name="createBillData" time="2.624"/>
  <testcase classname="com.api.testcases.TS_005_GetUnpaidBill" name="getUnpaidBillTest" time="2.155"/>
</testsuite> <!-- com.api.testcases.TS_005_GetUnpaidBill -->
