<?xml version="1.0" encoding="UTF-8"?>
<!-- Generated by org.testng.reporters.JUnitReportReporter -->
<testsuite hostname="dnid0007l01.local" failures="0" tests="2" name="API.getHeader" time="1.330" errors="0" timestamp="2020-04-28T19:52:59 WIB" skipped="0">
  <testcase classname="API.getHeader" name="login" time="0.004"/>
  <system-out/>
  <testcase classname="API.getHeader" name="requestHeaderGet" time="1.326"/>
  <system-out/>
</testsuite> <!-- API.getHeader -->
