<?xml version="1.0" encoding="UTF-8"?>
<!-- Generated by org.testng.reporters.JUnitReportReporter -->
<testsuite hostname="dnid0007l01.local" failures="0" tests="3" name="com.employeeapi.testcases.TC_005_Delete_User" time="0.949" errors="0" timestamp="2020-04-29T21:36:39 WIB" skipped="0">
  <testcase classname="com.employeeapi.testcases.TC_005_Delete_User" name="requestDelete" time="0.503"/>
  <system-out/>
  <testcase classname="com.employeeapi.testcases.TC_005_Delete_User" name="login" time="0.001"/>
  <system-out/>
  <testcase classname="com.employeeapi.testcases.TC_005_Delete_User" name="requestDelete" time="0.445"/>
  <system-out/>
</testsuite> <!-- com.employeeapi.testcases.TC_005_Delete_User -->
