<?xml version="1.0" encoding="UTF-8"?>
<!-- Generated by org.testng.reporters.JUnitReportReporter -->
<testsuite hostname="dnid0007l01.local" failures="0" tests="3" name="apiTest.GetIDRequest" time="0.722" errors="0" timestamp="2020-04-28T23:00:50 WIB" skipped="0">
  <testcase classname="apiTest.GetIDRequest" name="requestGetID" time="0.337"/>
  <system-out/>
  <testcase classname="apiTest.GetIDRequest" name="requestGetID" time="0.384"/>
  <system-out/>
  <testcase classname="apiTest.GetIDRequest" name="login" time="0.001"/>
  <system-out/>
</testsuite> <!-- apiTest.GetIDRequest -->
