<?xml version="1.0" encoding="UTF-8"?>
<!-- Generated by org.testng.reporters.JUnitReportReporter -->
<testsuite hostname="dnid0007l01.local" failures="0" tests="9" name="com.employeeapi.testcases.TC_003_Create_User" time="4.237" errors="0" timestamp="2020-04-29T21:36:39 WIB" skipped="0">
  <testcase classname="com.employeeapi.testcases.TC_003_Create_User" name="requestPost" time="0.550"/>
  <system-out/>
  <testcase classname="com.employeeapi.testcases.TC_003_Create_User" name="requestPost" time="0.526"/>
  <system-out/>
  <testcase classname="com.employeeapi.testcases.TC_003_Create_User" name="requestPost" time="0.444"/>
  <system-out/>
  <testcase classname="com.employeeapi.testcases.TC_003_Create_User" name="login" time="0.001"/>
  <system-out/>
  <testcase classname="com.employeeapi.testcases.TC_003_Create_User" name="requestPost" time="0.507"/>
  <system-out/>
  <testcase classname="com.employeeapi.testcases.TC_003_Create_User" name="requestPost" time="0.522"/>
  <system-out/>
  <testcase classname="com.employeeapi.testcases.TC_003_Create_User" name="requestPost" time="0.546"/>
  <system-out/>
  <testcase classname="com.employeeapi.testcases.TC_003_Create_User" name="requestPost" time="0.654"/>
  <system-out/>
  <testcase classname="com.employeeapi.testcases.TC_003_Create_User" name="requestPost" time="0.487"/>
  <system-out/>
</testsuite> <!-- com.employeeapi.testcases.TC_003_Create_User -->
