<?xml version="1.0" encoding="UTF-8"?>
<!-- Generated by org.testng.reporters.JUnitReportReporter -->
<testsuite hostname="dnid0007l01.local" failures="0" tests="1" name="API.putRequest" time="2.869" errors="0" timestamp="2020-04-28T10:17:57 WIB" skipped="0">
  <testcase classname="API.putRequest" name="requestPut" time="2.869"/>
  <system-out/>
</testsuite> <!-- API.putRequest -->
