<?xml version="1.0" encoding="UTF-8"?>
<!-- Generated by org.testng.reporters.JUnitReportReporter -->
<testsuite hostname="dnid0007l01.local" failures="0" tests="10" name="com.commentapi.testcases.TC_004_Update_Comment" time="26.190" errors="0" timestamp="2020-04-30T15:10:44 WIB" skipped="0">
  <testcase classname="com.commentapi.testcases.TC_004_Update_Comment" name="updateComment" time="3.153"/>
  <system-out/>
  <testcase classname="com.commentapi.testcases.TC_004_Update_Comment" name="updateComment" time="3.168"/>
  <system-out/>
  <testcase classname="com.commentapi.testcases.TC_004_Update_Comment" name="updateComment" time="2.354"/>
  <system-out/>
  <testcase classname="com.commentapi.testcases.TC_004_Update_Comment" name="updateComment" time="2.357"/>
  <system-out/>
  <testcase classname="com.commentapi.testcases.TC_004_Update_Comment" name="updateComment" time="2.410"/>
  <system-out/>
  <testcase classname="com.commentapi.testcases.TC_004_Update_Comment" name="updateComment" time="2.295"/>
  <system-out/>
  <testcase classname="com.commentapi.testcases.TC_004_Update_Comment" name="updateComment" time="2.269"/>
  <system-out/>
  <testcase classname="com.commentapi.testcases.TC_004_Update_Comment" name="updateComment" time="3.170"/>
  <system-out/>
  <testcase classname="com.commentapi.testcases.TC_004_Update_Comment" name="updateComment" time="2.866"/>
  <system-out/>
  <testcase classname="com.commentapi.testcases.TC_004_Update_Comment" name="updateComment" time="2.148"/>
  <system-out/>
</testsuite> <!-- com.commentapi.testcases.TC_004_Update_Comment -->
