<?xml version="1.0" encoding="UTF-8"?>
<!-- Generated by org.testng.reporters.JUnitReportReporter -->
<testsuite hostname="dnid0007l01.local" failures="0" tests="4" name="API.testNgGetRequest" time="2.184" errors="0" timestamp="2020-04-28T10:42:26 WIB" skipped="0">
  <testcase classname="API.testNgGetRequest" name="getUser" time="2.169"/>
  <system-out/>
  <testcase classname="API.testNgGetRequest" name="assertResponseCode" time="0.002"/>
  <system-out/>
  <testcase classname="API.testNgGetRequest" name="assertResponseStatusLine" time="0.001"/>
  <system-out/>
  <testcase classname="API.testNgGetRequest" name="assertResponseBody" time="0.012"/>
  <system-out/>
</testsuite> <!-- API.testNgGetRequest -->
