<?xml version="1.0" encoding="UTF-8"?>
<!-- Generated by org.testng.reporters.JUnitReportReporter -->
<testsuite hostname="dnid0007l01.local" failures="0" tests="9" name="apiTest.PostRequest" time="2.950" errors="0" timestamp="2020-04-28T23:00:50 WIB" skipped="0">
  <testcase classname="apiTest.PostRequest" name="requestPost" time="0.362"/>
  <system-out/>
  <testcase classname="apiTest.PostRequest" name="requestPost" time="0.507"/>
  <system-out/>
  <testcase classname="apiTest.PostRequest" name="requestPost" time="0.340"/>
  <system-out/>
  <testcase classname="apiTest.PostRequest" name="requestPost" time="0.362"/>
  <system-out/>
  <testcase classname="apiTest.PostRequest" name="requestPost" time="0.363"/>
  <system-out/>
  <testcase classname="apiTest.PostRequest" name="requestPost" time="0.320"/>
  <system-out/>
  <testcase classname="apiTest.PostRequest" name="login" time="0.001"/>
  <system-out/>
  <testcase classname="apiTest.PostRequest" name="requestPost" time="0.342"/>
  <system-out/>
  <testcase classname="apiTest.PostRequest" name="requestPost" time="0.353"/>
  <system-out/>
</testsuite> <!-- apiTest.PostRequest -->
