<?xml version="1.0" encoding="UTF-8"?>
<!-- Generated by org.testng.reporters.JUnitReportReporter -->
<testsuite hostname="dnid0007l01.local" failures="0" tests="8" name="com.employeeapi.testcases.TC_001_Get_All_Employees" time="0.031" errors="0" timestamp="2020-04-29T13:23:21 WIB" skipped="0">
  <testcase classname="com.employeeapi.testcases.TC_001_Get_All_Employees" name="checkContentType" time="0.001"/>
  <system-out/>
  <testcase classname="com.employeeapi.testcases.TC_001_Get_All_Employees" name="checkContentEncoding" time="0.009"/>
  <system-out/>
  <testcase classname="com.employeeapi.testcases.TC_001_Get_All_Employees" name="checkResponseTime" time="0.001"/>
  <system-out/>
  <testcase classname="com.employeeapi.testcases.TC_001_Get_All_Employees" name="checkStatusLine" time="0.002"/>
  <system-out/>
  <testcase classname="com.employeeapi.testcases.TC_001_Get_All_Employees" name="checkStatusCode" time="0.002"/>
  <system-out/>
  <testcase classname="com.employeeapi.testcases.TC_001_Get_All_Employees" name="checkContentLength" time="0.001"/>
  <system-out/>
  <testcase classname="com.employeeapi.testcases.TC_001_Get_All_Employees" name="checkResponseBody" time="0.014"/>
  <system-out/>
  <testcase classname="com.employeeapi.testcases.TC_001_Get_All_Employees" name="checkServerType" time="0.001"/>
  <system-out/>
</testsuite> <!-- com.employeeapi.testcases.TC_001_Get_All_Employees -->
