<?xml version="1.0" encoding="UTF-8"?>
<!-- Generated by org.testng.reporters.JUnitReportReporter -->
<testsuite hostname="dnid0007l01.local" failures="0" tests="1" name="com.api.testcases.CleanUpEverything" time="75.415" errors="0" timestamp="19 May 2020 04:45:52 GMT" skipped="0">
  <testcase classname="com.api.testcases.CleanUpEverything" name="cleanUp" time="75.415"/>
</testsuite> <!-- com.api.testcases.CleanUpEverything -->
