<?xml version="1.0" encoding="UTF-8"?>
<!-- Generated by org.testng.reporters.JUnitReportReporter -->
<testsuite hostname="dnid0007l01.local" failures="0" tests="1" name="API.TC_001_postRequest" time="2.701" errors="0" timestamp="2020-04-28T09:51:44 WIB" skipped="0">
  <testcase classname="API.TC_001_postRequest" name="requestPost" time="2.701"/>
  <system-out/>
</testsuite> <!-- API.TC_001_postRequest -->
