<?xml version="1.0" encoding="UTF-8"?>
<!-- Generated by org.testng.reporters.JUnitReportReporter -->
<testsuite hostname="dnid0007l01.local" failures="0" tests="1" name="API.deleteRequest" time="2.342" errors="0" timestamp="2020-04-28T10:26:58 WIB" skipped="0">
  <testcase classname="API.deleteRequest" name="requestDelete" time="2.342"/>
  <system-out/>
</testsuite> <!-- API.deleteRequest -->
