<?xml version="1.0" encoding="UTF-8"?>
<!-- Generated by org.testng.reporters.JUnitReportReporter -->
<testsuite hostname="dnid0007l01.local" failures="0" tests="7" name="com.api.testcases.TS_004_Signin" time="14.149" errors="0" timestamp="2020-05-16T14:52:47 WIB" skipped="0">
  <testcase classname="com.api.testcases.TS_004_Signin" name="signinTest" time="1.848"/>
  <system-out/>
  <testcase classname="com.api.testcases.TS_004_Signin" name="signinTest" time="3.425"/>
  <system-out/>
  <testcase classname="com.api.testcases.TS_004_Signin" name="signinTest" time="1.602"/>
  <system-out/>
  <testcase classname="com.api.testcases.TS_004_Signin" name="signinTest" time="1.636"/>
  <system-out/>
  <testcase classname="com.api.testcases.TS_004_Signin" name="signinTest" time="1.986"/>
  <system-out/>
  <testcase classname="com.api.testcases.TS_004_Signin" name="signinTest" time="1.600"/>
  <system-out/>
  <testcase classname="com.api.testcases.TS_004_Signin" name="signinTest" time="2.052"/>
  <system-out/>
</testsuite> <!-- com.api.testcases.TS_004_Signin -->
