<?xml version="1.0" encoding="UTF-8"?>
<!-- Generated by org.testng.reporters.JUnitReportReporter -->
<testsuite hostname="dnid0007l01.local" failures="0" tests="1" name="API.getAuthentication" time="1.900" errors="0" timestamp="2020-04-28T11:22:17 WIB" skipped="0">
  <testcase classname="API.getAuthentication" name="validateJSON" time="1.900"/>
  <system-out/>
</testsuite> <!-- API.getAuthentication -->
