<?xml version="1.0" encoding="UTF-8"?>
<!-- Generated by org.testng.reporters.JUnitReportReporter -->
<testsuite hostname="dnid0007l01.local" failures="0" tests="2" name="com.employeeapi.testcases.GetAllRequest" time="2.188" errors="0" timestamp="2020-04-29T13:57:23 WIB" skipped="0">
  <testcase classname="com.employeeapi.testcases.GetAllRequest" name="login" time="0.005"/>
  <system-out/>
  <testcase classname="com.employeeapi.testcases.GetAllRequest" name="requestGetAll" time="2.183"/>
  <system-out/>
</testsuite> <!-- com.employeeapi.testcases.GetAllRequest -->
