<?xml version="1.0" encoding="UTF-8"?>
<!-- Generated by org.testng.reporters.JUnitReportReporter -->
<testsuite hostname="dnid0007l01.local" failures="0" tests="2" name="API.dataDrivenTest2" time="4.663" errors="0" timestamp="2020-04-28T13:43:38 WIB" skipped="0">
  <testcase classname="API.dataDrivenTest2" name="dataDrivenPost" time="1.597"/>
  <system-out/>
  <testcase classname="API.dataDrivenTest2" name="dataDrivenPost" time="3.066"/>
  <system-out/>
</testsuite> <!-- API.dataDrivenTest2 -->
