<?xml version="1.0" encoding="UTF-8"?>
<!-- Generated by org.testng.reporters.JUnitReportReporter -->
<testsuite hostname="dnid0007l01.local" failures="0" tests="5" name="com.api.testcases.TS_004_GetUserProfile" time="11.079" errors="0" timestamp="19 May 2020 04:45:52 GMT" skipped="0">
  <testcase classname="com.api.testcases.TS_004_GetUserProfile" name="getProfileTest" time="1.725"/>
  <testcase classname="com.api.testcases.TS_004_GetUserProfile" name="getProfileTest" time="2.797"/>
  <testcase classname="com.api.testcases.TS_004_GetUserProfile" name="getProfileTest" time="2.198"/>
  <testcase classname="com.api.testcases.TS_004_GetUserProfile" name="getProfileTest" time="2.133"/>
  <testcase classname="com.api.testcases.TS_004_GetUserProfile" name="getProfileTest" time="2.226"/>
</testsuite> <!-- com.api.testcases.TS_004_GetUserProfile -->
