<?xml version="1.0" encoding="UTF-8"?>
<!-- Generated by org.testng.reporters.JUnitReportReporter -->
<testsuite hostname="dnid0007l01.local" failures="0" tests="1" name="API.ValidateJSON" time="4.865" errors="0" timestamp="2020-04-28T10:51:55 WIB" skipped="0">
  <testcase classname="API.ValidateJSON" name="validateJSON" time="4.865"/>
  <system-out/>
</testsuite> <!-- API.ValidateJSON -->
