<?xml version="1.0" encoding="UTF-8"?>
<!-- Generated by org.testng.reporters.JUnitReportReporter -->
<testsuite hostname="dnid0007l01.local" failures="0" tests="3" name="com.employeeapi.testcases.TC_002_Get_Single_User" time="1.119" errors="0" timestamp="2020-04-29T21:36:39 WIB" skipped="0">
  <testcase classname="com.employeeapi.testcases.TC_002_Get_Single_User" name="login" time="0.001"/>
  <system-out/>
  <testcase classname="com.employeeapi.testcases.TC_002_Get_Single_User" name="requestGetID" time="0.559"/>
  <system-out/>
  <testcase classname="com.employeeapi.testcases.TC_002_Get_Single_User" name="requestGetID" time="0.559"/>
  <system-out/>
</testsuite> <!-- com.employeeapi.testcases.TC_002_Get_Single_User -->
