<?xml version="1.0" encoding="UTF-8"?>
<!-- Generated by org.testng.reporters.JUnitReportReporter -->
<testsuite hostname="dnid0007l01.local" failures="0" tests="5" name="com.api.testcases.TS_008_GetUserPaymentHistory" time="8.736" errors="0" timestamp="19 May 2020 04:45:52 GMT" skipped="0">
  <testcase classname="com.api.testcases.TS_008_GetUserPaymentHistory" name="getProfileTest" time="1.568"/>
  <testcase classname="com.api.testcases.TS_008_GetUserPaymentHistory" name="getProfileTest" time="1.553"/>
  <testcase classname="com.api.testcases.TS_008_GetUserPaymentHistory" name="getProfileTest" time="1.457"/>
  <testcase classname="com.api.testcases.TS_008_GetUserPaymentHistory" name="getProfileTest" time="2.477"/>
  <testcase classname="com.api.testcases.TS_008_GetUserPaymentHistory" name="getProfileTest" time="1.681"/>
</testsuite> <!-- com.api.testcases.TS_008_GetUserPaymentHistory -->
