<?xml version="1.0" encoding="UTF-8"?>
<!-- Generated by org.testng.reporters.JUnitReportReporter -->
<testsuite hostname="dnid0007l01.local" failures="0" tests="10" name="com.commentapi.testcases.TC_005_Delete_Comment" time="22.744" errors="0" timestamp="2020-04-30T15:10:44 WIB" skipped="0">
  <testcase classname="com.commentapi.testcases.TC_005_Delete_Comment" name="deleteComment" time="2.254"/>
  <system-out/>
  <testcase classname="com.commentapi.testcases.TC_005_Delete_Comment" name="deleteComment" time="2.660"/>
  <system-out/>
  <testcase classname="com.commentapi.testcases.TC_005_Delete_Comment" name="deleteComment" time="2.057"/>
  <system-out/>
  <testcase classname="com.commentapi.testcases.TC_005_Delete_Comment" name="deleteComment" time="2.583"/>
  <system-out/>
  <testcase classname="com.commentapi.testcases.TC_005_Delete_Comment" name="deleteComment" time="1.839"/>
  <system-out/>
  <testcase classname="com.commentapi.testcases.TC_005_Delete_Comment" name="deleteComment" time="2.165"/>
  <system-out/>
  <testcase classname="com.commentapi.testcases.TC_005_Delete_Comment" name="deleteComment" time="2.251"/>
  <system-out/>
  <testcase classname="com.commentapi.testcases.TC_005_Delete_Comment" name="deleteComment" time="2.428"/>
  <system-out/>
  <testcase classname="com.commentapi.testcases.TC_005_Delete_Comment" name="deleteComment" time="1.947"/>
  <system-out/>
  <testcase classname="com.commentapi.testcases.TC_005_Delete_Comment" name="deleteComment" time="2.560"/>
  <system-out/>
</testsuite> <!-- com.commentapi.testcases.TC_005_Delete_Comment -->
