<?xml version="1.0" encoding="UTF-8"?>
<!-- Generated by org.testng.reporters.JUnitReportReporter -->
<testsuite hostname="dnid0007l01.local" failures="0" tests="1" name="API.getRequest" time="2.526" errors="0" timestamp="2020-04-28T09:16:01 WIB" skipped="0">
  <testcase classname="API.getRequest" name="requestGet" time="2.526"/>
  <system-out/>
</testsuite> <!-- API.getRequest -->
