<?xml version="1.0" encoding="UTF-8"?>
<!-- Generated by org.testng.reporters.JUnitReportReporter -->
<testsuite hostname="dnid0007l01.local" failures="0" tests="10" name="com.commentapi.testcases.TC_001_Create_Comment" time="25.959" errors="0" timestamp="2020-04-30T15:10:44 WIB" skipped="0">
  <testcase classname="com.commentapi.testcases.TC_001_Create_Comment" name="createComment" time="2.549"/>
  <system-out/>
  <testcase classname="com.commentapi.testcases.TC_001_Create_Comment" name="createComment" time="2.327"/>
  <system-out/>
  <testcase classname="com.commentapi.testcases.TC_001_Create_Comment" name="createComment" time="3.176"/>
  <system-out/>
  <testcase classname="com.commentapi.testcases.TC_001_Create_Comment" name="createComment" time="2.870"/>
  <system-out/>
  <testcase classname="com.commentapi.testcases.TC_001_Create_Comment" name="createComment" time="3.797"/>
  <system-out/>
  <testcase classname="com.commentapi.testcases.TC_001_Create_Comment" name="createComment" time="2.211"/>
  <system-out/>
  <testcase classname="com.commentapi.testcases.TC_001_Create_Comment" name="createComment" time="2.562"/>
  <system-out/>
  <testcase classname="com.commentapi.testcases.TC_001_Create_Comment" name="createComment" time="2.655"/>
  <system-out/>
  <testcase classname="com.commentapi.testcases.TC_001_Create_Comment" name="createComment" time="2.224"/>
  <system-out/>
  <testcase classname="com.commentapi.testcases.TC_001_Create_Comment" name="createComment" time="1.588"/>
  <system-out/>
</testsuite> <!-- com.commentapi.testcases.TC_001_Create_Comment -->
