<?xml version="1.0" encoding="UTF-8"?>
<!-- Generated by org.testng.reporters.JUnitReportReporter -->
<testsuite hostname="dnid0007l01.local" failures="0" tests="10" name="com.commentapi.testcases.TC_004_Get_Single_Comment" time="20.117" errors="0" timestamp="2020-04-30T12:35:10 WIB" skipped="0">
  <testcase classname="com.commentapi.testcases.TC_004_Get_Single_Comment" name="getSingleComment" time="2.119"/>
  <system-out/>
  <testcase classname="com.commentapi.testcases.TC_004_Get_Single_Comment" name="getSingleComment" time="2.485"/>
  <system-out/>
  <testcase classname="com.commentapi.testcases.TC_004_Get_Single_Comment" name="getSingleComment" time="1.823"/>
  <system-out/>
  <testcase classname="com.commentapi.testcases.TC_004_Get_Single_Comment" name="getSingleComment" time="1.856"/>
  <system-out/>
  <testcase classname="com.commentapi.testcases.TC_004_Get_Single_Comment" name="getSingleComment" time="2.113"/>
  <system-out/>
  <testcase classname="com.commentapi.testcases.TC_004_Get_Single_Comment" name="getSingleComment" time="1.624"/>
  <system-out/>
  <testcase classname="com.commentapi.testcases.TC_004_Get_Single_Comment" name="getSingleComment" time="1.811"/>
  <system-out/>
  <testcase classname="com.commentapi.testcases.TC_004_Get_Single_Comment" name="getSingleComment" time="1.872"/>
  <system-out/>
  <testcase classname="com.commentapi.testcases.TC_004_Get_Single_Comment" name="getSingleComment" time="2.237"/>
  <system-out/>
  <testcase classname="com.commentapi.testcases.TC_004_Get_Single_Comment" name="getSingleComment" time="2.177"/>
  <system-out/>
</testsuite> <!-- com.commentapi.testcases.TC_004_Get_Single_Comment -->
