<?xml version="1.0" encoding="UTF-8"?>
<!-- Generated by org.testng.reporters.JUnitReportReporter -->
<testsuite hostname="dnid0007l01.local" failures="0" tests="13" name="automation.UploadTest" time="0.015" errors="0" timestamp="2020-04-27T20:40:32 WIB" skipped="0">
  <testcase classname="automation.UploadTest" name="uploadChecker" time="0.001"/>
  <system-out/>
  <testcase classname="automation.UploadTest" name="login" time="0.004"/>
  <system-out/>
  <testcase classname="automation.UploadTest" name="uploadChecker" time="0.001"/>
  <system-out/>
  <testcase classname="automation.UploadTest" name="uploadChecker" time="0.001"/>
  <system-out/>
  <testcase classname="automation.UploadTest" name="uploadChecker" time="0.001"/>
  <system-out/>
  <testcase classname="automation.UploadTest" name="uploadChecker" time="0.001"/>
  <system-out/>
  <testcase classname="automation.UploadTest" name="uploadChecker" time="0.001"/>
  <system-out/>
  <testcase classname="automation.UploadTest" name="uploadChecker" time="0.001"/>
  <system-out/>
  <testcase classname="automation.UploadTest" name="uploadChecker" time="0.001"/>
  <system-out/>
  <testcase classname="automation.UploadTest" name="uploadChecker" time="0.000"/>
  <system-out/>
  <testcase classname="automation.UploadTest" name="uploadChecker" time="0.000"/>
  <system-out/>
  <testcase classname="automation.UploadTest" name="uploadChecker" time="0.003"/>
  <system-out/>
  <testcase classname="automation.UploadTest" name="uploadChecker" time="0.000"/>
  <system-out/>
</testsuite> <!-- automation.UploadTest -->
