<?xml version="1.0" encoding="UTF-8"?>
<!-- Generated by org.testng.reporters.JUnitReportReporter -->
<testsuite hostname="dnid0007l01.local" failures="0" tests="10" name="com.commentapi.testcases.TC_003_Create_Post" time="24.266" errors="0" timestamp="2020-04-30T11:36:52 WIB" skipped="0">
  <testcase classname="com.commentapi.testcases.TC_003_Create_Post" name="createComment" time="2.953"/>
  <system-out/>
  <testcase classname="com.commentapi.testcases.TC_003_Create_Post" name="createComment" time="2.556"/>
  <system-out/>
  <testcase classname="com.commentapi.testcases.TC_003_Create_Post" name="createComment" time="2.133"/>
  <system-out/>
  <testcase classname="com.commentapi.testcases.TC_003_Create_Post" name="createComment" time="2.438"/>
  <system-out/>
  <testcase classname="com.commentapi.testcases.TC_003_Create_Post" name="createComment" time="2.385"/>
  <system-out/>
  <testcase classname="com.commentapi.testcases.TC_003_Create_Post" name="createComment" time="2.866"/>
  <system-out/>
  <testcase classname="com.commentapi.testcases.TC_003_Create_Post" name="createComment" time="2.156"/>
  <system-out/>
  <testcase classname="com.commentapi.testcases.TC_003_Create_Post" name="createComment" time="1.982"/>
  <system-out/>
  <testcase classname="com.commentapi.testcases.TC_003_Create_Post" name="createComment" time="2.684"/>
  <system-out/>
  <testcase classname="com.commentapi.testcases.TC_003_Create_Post" name="createComment" time="2.113"/>
  <system-out/>
</testsuite> <!-- com.commentapi.testcases.TC_003_Create_Post -->
