<?xml version="1.0" encoding="UTF-8"?>
<!-- Generated by org.testng.reporters.JUnitReportReporter -->
<testsuite hostname="dnid0007l01.local" failures="0" tests="3" name="API.GetIDRequest" time="1.453" errors="0" timestamp="2020-04-28T20:24:48 WIB" skipped="0">
  <testcase classname="API.GetIDRequest" name="requestHeaderGet" time="1.145"/>
  <system-out/>
  <testcase classname="API.GetIDRequest" name="requestHeaderGet" time="0.304"/>
  <system-out/>
  <testcase classname="API.GetIDRequest" name="login" time="0.004"/>
  <system-out/>
</testsuite> <!-- API.GetIDRequest -->
